[0.022s] Invoking command in '/home/manoj/ros2_ws/build/moveit_core': AMENT_PREFIX_PATH=/home/manoj/ros2_ws/install/moveit_resources_panda_moveit_config:/home/manoj/ros2_ws/install/moveit_resources_pr2_description:/home/manoj/ros2_ws/install/moveit_resources_panda_description:/home/manoj/ros2_ws/install/moveit_common:${AMENT_PREFIX_PATH} CMAKE_PREFIX_PATH=/home/manoj/ros2_ws/install/moveit_resources_panda_moveit_config:/home/manoj/ros2_ws/install/moveit_resources_pr2_description:/home/manoj/ros2_ws/install/moveit_resources_panda_description:/home/manoj/ros2_ws/install/moveit_common:/home/manoj/ros2_ws/install/ur_description:/home/manoj/ros2_ws/install/my_mobile_manipulator_description:/opt/ros/humble /usr/bin/cmake /home/manoj/ros2_ws/src/moveit2/moveit_core -DCMAKE_INSTALL_PREFIX=/home/manoj/ros2_ws/install/moveit_core
[0.105s] -- The CXX compiler identification is GNU 11.4.0
[0.117s] -- Detecting CXX compiler ABI info
[0.235s] -- Detecting CXX compiler ABI info - done
[0.248s] -- Check for working CXX compiler: /usr/bin/c++ - skipped
[0.248s] -- Detecting CXX compile features
[0.253s] -- Detecting CXX compile features - done
[0.253s] -- Found moveit_common: 2.13.2 (/home/manoj/ros2_ws/install/moveit_common/share/moveit_common/cmake)
[0.260s] -- Found ament_cmake: 1.3.11 (/opt/ros/humble/share/ament_cmake/cmake)
[0.489s] -- Found Python3: /usr/bin/python3 (found version "3.10.12") found components: Interpreter 
[0.749s] [0mmoveit_core: You did not request a specific build type: Choosing 'Release' for maximum performance[0m
[0.755s] -- Found angles: 1.15.0 (/opt/ros/humble/share/angles/cmake)
[0.804s] -- Found Bullet: /usr/lib/x86_64-linux-gnu/libBulletDynamics.so (Required is at least version "2.87") 
[0.810s] -- Found common_interfaces: 4.8.0 (/opt/ros/humble/share/common_interfaces/cmake)
[0.814s] -- Found eigen_stl_containers: 1.1.0 (/opt/ros/humble/share/eigen_stl_containers/cmake)
[0.835s] -- Found eigen3_cmake_module: 0.1.1 (/opt/ros/humble/share/eigen3_cmake_module/cmake)
[0.842s] -- Found Eigen3: TRUE (found version "3.4.0") 
[0.851s] -- Found generate_parameter_library: 0.4.0 (/opt/ros/humble/share/generate_parameter_library/cmake)
[0.861s] -- Found parameter_traits: 0.4.0 (/opt/ros/humble/share/parameter_traits/cmake)
[0.962s] -- Found rosidl_generator_c: 3.1.6 (/opt/ros/humble/share/rosidl_generator_c/cmake)
[0.971s] -- Found rosidl_adapter: 3.1.6 (/opt/ros/humble/share/rosidl_adapter/cmake)
[0.990s] -- Found rosidl_generator_cpp: 3.1.6 (/opt/ros/humble/share/rosidl_generator_cpp/cmake)
[1.021s] -- Using all available rosidl_typesupport_c: rosidl_typesupport_fastrtps_c;rosidl_typesupport_introspection_c
[1.059s] -- Using all available rosidl_typesupport_cpp: rosidl_typesupport_fastrtps_cpp;rosidl_typesupport_introspection_cpp
[1.158s] -- Found rmw_implementation_cmake: 6.1.2 (/opt/ros/humble/share/rmw_implementation_cmake/cmake)
[1.163s] -- Found rmw_fastrtps_cpp: 6.2.7 (/opt/ros/humble/share/rmw_fastrtps_cpp/cmake)
[1.311s] -- Found OpenSSL: /usr/lib/x86_64-linux-gnu/libcrypto.so (found version "3.0.2")  
[1.356s] -- Found FastRTPS: /opt/ros/humble/include  
[1.426s] -- Using RMW implementation 'rmw_fastrtps_cpp' as default
[1.447s] -- Looking for C++ include pthread.h
[1.609s] -- Looking for C++ include pthread.h - found
[1.609s] -- Performing Test CMAKE_HAVE_LIBC_PTHREAD
[1.760s] -- Performing Test CMAKE_HAVE_LIBC_PTHREAD - Success
[1.762s] -- Found Threads: TRUE  
[1.853s] -- Found rclcpp_lifecycle: 16.0.12 (/opt/ros/humble/share/rclcpp_lifecycle/cmake)
[1.896s] -- Found geometric_shapes: 2.3.2 (/opt/ros/humble/share/geometric_shapes/cmake)
[1.921s] -- Found Boost: /usr/lib/x86_64-linux-gnu/cmake/Boost-1.74.0/BoostConfig.cmake (found version "1.74.0") found components: filesystem 
[2.069s] -- library: /usr/lib/x86_64-linux-gnu/libcurl.so
[2.176s] -- Found kdl_parser: 2.6.4 (/opt/ros/humble/share/kdl_parser/cmake)
[2.185s] -- Ensuring Eigen3 include directory is part of orocos-kdl CMake target
[2.191s] -- Found moveit_msgs: 2.2.1 (/opt/ros/humble/share/moveit_msgs/cmake)
[2.377s] -- Found pluginlib: 5.1.0 (/opt/ros/humble/share/pluginlib/cmake)
[2.408s] -- Found srdfdom: 2.0.7 (/opt/ros/humble/share/srdfdom/cmake)
[2.430s] -- Found tf2_eigen: 0.25.12 (/opt/ros/humble/share/tf2_eigen/cmake)
[2.557s] -- Found tf2_geometry_msgs: 0.25.12 (/opt/ros/humble/share/tf2_geometry_msgs/cmake)
[2.569s] -- Found tf2_kdl: 0.25.12 (/opt/ros/humble/share/tf2_kdl/cmake)
[2.650s] -- Found Boost: /usr/lib/x86_64-linux-gnu/cmake/Boost-1.74.0/BoostConfig.cmake (found version "1.74.0") found components: chrono date_time filesystem iostreams program_options regex serialization system thread 
[2.656s] -- Performing Test COMPILER_HAS_HIDDEN_VISIBILITY
[2.795s] -- Performing Test COMPILER_HAS_HIDDEN_VISIBILITY - Success
[2.796s] -- Performing Test COMPILER_HAS_HIDDEN_INLINE_VISIBILITY
[2.924s] -- Performing Test COMPILER_HAS_HIDDEN_INLINE_VISIBILITY - Success
[2.924s] -- Performing Test COMPILER_HAS_DEPRECATED_ATTR
[3.066s] -- Performing Test COMPILER_HAS_DEPRECATED_ATTR - Success
[3.079s] -- Found ament_cmake_gtest: 1.3.11 (/opt/ros/humble/share/ament_cmake_gtest/cmake)
[3.087s] -- Found gtest sources under '/opt/ros/humble/src/gtest_vendor': C++ tests using 'Google Test' will be built
[3.149s] -- The C compiler identification is GNU 11.4.0
[3.160s] -- Detecting C compiler ABI info
[3.287s] -- Detecting C compiler ABI info - done
[3.299s] -- Check for working C compiler: /usr/bin/cc - skipped
[3.299s] -- Detecting C compile features
[3.300s] -- Detecting C compile features - done
[3.322s] -- Found gtest sources under '/opt/ros/humble/src/gtest_vendor': C++ tests using 'Google Test' will be built
[3.341s] -- Found gtest sources under '/opt/ros/humble/src/gtest_vendor': C++ tests using 'Google Test' will be built
[3.360s] -- Found ament_cmake_gtest: 1.3.11 (/opt/ros/humble/share/ament_cmake_gtest/cmake)
[3.361s] -- Found gtest sources under '/opt/ros/humble/src/gtest_vendor': C++ tests using 'Google Test' will be built
[3.377s] -- Found ament_cmake_gmock: 1.3.11 (/opt/ros/humble/share/ament_cmake_gmock/cmake)
[3.386s] -- Found gmock sources under '/opt/ros/humble/src/gmock_vendor': C++ tests using 'Google Mock' will be built
[3.392s] -- Found ament_cmake_gtest: 1.3.11 (/opt/ros/humble/share/ament_cmake_gtest/cmake)
[3.393s] -- Found gtest sources under '/opt/ros/humble/src/gtest_vendor': C++ tests using 'Google Test' will be built
[3.408s] -- Found ament_cmake_gtest: 1.3.11 (/opt/ros/humble/share/ament_cmake_gtest/cmake)
[3.410s] -- Found gtest sources under '/opt/ros/humble/src/gtest_vendor': C++ tests using 'Google Test' will be built
[3.436s] -- Found ament_cmake_gtest: 1.3.11 (/opt/ros/humble/share/ament_cmake_gtest/cmake)
[3.438s] -- Found gtest sources under '/opt/ros/humble/src/gtest_vendor': C++ tests using 'Google Test' will be built
[3.475s] -- Found ament_cmake_gtest: 1.3.11 (/opt/ros/humble/share/ament_cmake_gtest/cmake)
[3.476s] -- Found gtest sources under '/opt/ros/humble/src/gtest_vendor': C++ tests using 'Google Test' will be built
[3.500s] -- Found ament_cmake_gtest: 1.3.11 (/opt/ros/humble/share/ament_cmake_gtest/cmake)
[3.501s] -- Found gtest sources under '/opt/ros/humble/src/gtest_vendor': C++ tests using 'Google Test' will be built
[3.519s] -- Found ament_cmake_gtest: 1.3.11 (/opt/ros/humble/share/ament_cmake_gtest/cmake)
[3.520s] -- Found gtest sources under '/opt/ros/humble/src/gtest_vendor': C++ tests using 'Google Test' will be built
[3.539s] -- Found ament_cmake_google_benchmark: 1.3.11 (/opt/ros/humble/share/ament_cmake_google_benchmark/cmake)
[3.543s] -- Found ament_cmake_gtest: 1.3.11 (/opt/ros/humble/share/ament_cmake_gtest/cmake)
[3.546s] -- Found gmock sources under '/opt/ros/humble/src/gmock_vendor': C++ tests using 'Google Mock' will be built
[3.547s] -- Found gtest sources under '/opt/ros/humble/src/gtest_vendor': C++ tests using 'Google Test' will be built
[3.557s] -- Performance tests are disabled by default, so Google Benchmark tests will be skipped. To enable these tests, set the CMake variable 'AMENT_RUN_PERFORMANCE_TESTS'.
[3.564s] -- Found gtest sources under '/opt/ros/humble/src/gtest_vendor': C++ tests using 'Google Test' will be built
[3.578s] -- Found ament_cmake_google_benchmark: 1.3.11 (/opt/ros/humble/share/ament_cmake_google_benchmark/cmake)
[3.579s] -- Found ament_cmake_gtest: 1.3.11 (/opt/ros/humble/share/ament_cmake_gtest/cmake)
[3.581s] -- Found gtest sources under '/opt/ros/humble/src/gtest_vendor': C++ tests using 'Google Test' will be built
[3.589s] -- Performance tests are disabled by default, so Google Benchmark tests will be skipped. To enable these tests, set the CMake variable 'AMENT_RUN_PERFORMANCE_TESTS'.
[3.600s] -- Found ament_cmake_gtest: 1.3.11 (/opt/ros/humble/share/ament_cmake_gtest/cmake)
[3.601s] -- Found gtest sources under '/opt/ros/humble/src/gtest_vendor': C++ tests using 'Google Test' will be built
[3.629s] -- Found launch_testing_ament_cmake: 1.0.8 (/opt/ros/humble/share/launch_testing_ament_cmake/cmake)
[3.634s] -- Found python_cmake_module: 0.10.0 (/opt/ros/humble/share/python_cmake_module/cmake)
[3.669s] -- Found PythonInterp: /usr/bin/python3 (found suitable version "3.10.12", minimum required is "3.6") 
[3.678s] -- Found PythonLibs: /usr/lib/x86_64-linux-gnu/libpython3.10.so (found suitable version "3.10.12", minimum required is "3.5") 
[3.679s] -- Using PYTHON_EXECUTABLE: /usr/bin/python3
[3.679s] -- Using PYTHON_INCLUDE_DIRS: /usr/include/python3.10
[3.679s] -- Using PYTHON_LIBRARIES: /usr/lib/x86_64-linux-gnu/libpython3.10.so
[3.701s] -- Found PythonExtra: .so  
[3.705s] --  *** Building MoveIt 2.13.2 devel ***
[3.719s] -- Configuring done
[4.491s] -- Generating done
[4.750s] -- Build files have been written to: /home/manoj/ros2_ws/build/moveit_core
[4.790s] Invoked command in '/home/manoj/ros2_ws/build/moveit_core' returned '0': AMENT_PREFIX_PATH=/home/manoj/ros2_ws/install/moveit_resources_panda_moveit_config:/home/manoj/ros2_ws/install/moveit_resources_pr2_description:/home/manoj/ros2_ws/install/moveit_resources_panda_description:/home/manoj/ros2_ws/install/moveit_common:${AMENT_PREFIX_PATH} CMAKE_PREFIX_PATH=/home/manoj/ros2_ws/install/moveit_resources_panda_moveit_config:/home/manoj/ros2_ws/install/moveit_resources_pr2_description:/home/manoj/ros2_ws/install/moveit_resources_panda_description:/home/manoj/ros2_ws/install/moveit_common:/home/manoj/ros2_ws/install/ur_description:/home/manoj/ros2_ws/install/my_mobile_manipulator_description:/opt/ros/humble /usr/bin/cmake /home/manoj/ros2_ws/src/moveit2/moveit_core -DCMAKE_INSTALL_PREFIX=/home/manoj/ros2_ws/install/moveit_core
[4.793s] Invoking command in '/home/manoj/ros2_ws/build/moveit_core': AMENT_PREFIX_PATH=/home/manoj/ros2_ws/install/moveit_resources_panda_moveit_config:/home/manoj/ros2_ws/install/moveit_resources_pr2_description:/home/manoj/ros2_ws/install/moveit_resources_panda_description:/home/manoj/ros2_ws/install/moveit_common:${AMENT_PREFIX_PATH} CMAKE_PREFIX_PATH=/home/manoj/ros2_ws/install/moveit_resources_panda_moveit_config:/home/manoj/ros2_ws/install/moveit_resources_pr2_description:/home/manoj/ros2_ws/install/moveit_resources_panda_description:/home/manoj/ros2_ws/install/moveit_common:/home/manoj/ros2_ws/install/ur_description:/home/manoj/ros2_ws/install/my_mobile_manipulator_description:/opt/ros/humble /usr/bin/cmake --build /home/manoj/ros2_ws/build/moveit_core -- -j12 -l12
[4.871s] [  0%] [32mBuilding CXX object gtest/CMakeFiles/gtest_main.dir/src/gtest_main.cc.o[0m
[4.873s] [  1%] [32mBuilding CXX object gtest/CMakeFiles/gtest.dir/src/gtest-all.cc.o[0m
[4.874s] [  1%] [32mBuilding CXX object gmock/CMakeFiles/gmock_main.dir/src/gmock_main.cc.o[0m
[4.878s] [  1%] [32mBuilding CXX object gmock/CMakeFiles/gmock.dir/opt/ros/humble/src/gtest_vendor/src/gtest-all.cc.o[0m
[4.880s] [  2%] [34m[1mRunning `/opt/ros/humble/bin/generate_parameter_library_cpp /home/manoj/ros2_ws/build/moveit_core/online_signal_smoothing/include/moveit_core/moveit_acceleration_filter_parameters.hpp /home/manoj/ros2_ws/src/moveit2/moveit_core/online_signal_smoothing/src/acceleration_filter_parameters.yaml `[0m
[4.881s] [  3%] [34m[1mRunning `/opt/ros/humble/bin/generate_parameter_library_cpp /home/manoj/ros2_ws/build/moveit_core/online_signal_smoothing/include/moveit_core/moveit_butterworth_filter_parameters.hpp /home/manoj/ros2_ws/src/moveit2/moveit_core/online_signal_smoothing/src/butterworth_parameters.yaml `[0m
[4.884s] [  4%] [32mBuilding CXX object utils/CMakeFiles/moveit_utils.dir/src/lexical_casts.cpp.o[0m
[4.885s] [  6%] [32mBuilding CXX object gmock/CMakeFiles/gmock.dir/src/gmock-all.cc.o[0m
[4.885s] [  6%] [32mBuilding CXX object online_signal_smoothing/CMakeFiles/moveit_smoothing_base.dir/src/smoothing_base_class.cpp.o[0m
[4.891s] [  6%] [32mBuilding CXX object utils/CMakeFiles/moveit_utils.dir/src/message_checks.cpp.o[0m
[4.900s] [  7%] [34m[1mGenerate version header[0m
[4.901s] [  8%] [34m[1mRunning `/opt/ros/humble/bin/generate_parameter_library_cpp /home/manoj/ros2_ws/build/moveit_core/online_signal_smoothing/include/moveit_core/moveit_ruckig_filter_parameters.hpp /home/manoj/ros2_ws/src/moveit2/moveit_core/online_signal_smoothing/src/ruckig_filter_parameters.yaml `[0m
[4.951s] [  9%] [34m[1mGenerating version.hpp[0m
[4.966s] [  9%] Built target version_hpp
[4.979s] [ 10%] [32mBuilding CXX object utils/CMakeFiles/moveit_utils.dir/src/rclcpp_utils.cpp.o[0m
[5.263s] [ 10%] [34m[1mCreating deprecated header file /home/manoj/ros2_ws/build/moveit_core/online_signal_smoothing/include/moveit_butterworth_filter_parameters.hpp[0m
[5.274s] [ 10%] [34m[1mCreating deprecated header file /home/manoj/ros2_ws/build/moveit_core/online_signal_smoothing/include/moveit_ruckig_filter_parameters.hpp[0m
[5.376s] [ 10%] Built target moveit_butterworth_filter_parameters
[5.391s] [ 10%] Built target moveit_ruckig_filter_parameters
[5.423s] [ 10%] [34m[1mCreating deprecated header file /home/manoj/ros2_ws/build/moveit_core/online_signal_smoothing/include/moveit_acceleration_filter_parameters.hpp[0m
[5.423s] [ 10%] [32mBuilding CXX object utils/CMakeFiles/moveit_utils.dir/src/logger.cpp.o[0m
[5.426s] [ 10%] [32mBuilding CXX object version/CMakeFiles/moveit_version.dir/version.cpp.o[0m
[5.505s] [ 10%] Built target moveit_acceleration_filter_parameters
[5.983s] [ 11%] [32m[1mLinking CXX executable moveit_version[0m
[6.217s] [ 11%] Built target moveit_version
[7.152s] [ 12%] [32m[1mLinking CXX static library libgtest_main.a[0m
[7.229s] [ 12%] Built target gtest_main
[8.087s] [ 13%] [32m[1mLinking CXX static library libgmock_main.a[0m
[8.140s] [ 13%] Built target gmock_main
[12.544s] [ 14%] [32m[1mLinking CXX shared library libmoveit_smoothing_base.so[0m
[12.793s] [ 15%] [32m[1mLinking CXX shared library libmoveit_utils.so[0m
[12.852s] [ 15%] Built target moveit_smoothing_base
[13.010s] [ 15%] Built target moveit_utils
[13.045s] [ 15%] [32mBuilding CXX object transforms/CMakeFiles/moveit_transforms.dir/src/transforms.cpp.o[0m
[13.048s] [ 15%] [32mBuilding CXX object distance_field/CMakeFiles/moveit_distance_field.dir/src/find_internal_points.cpp.o[0m
[13.050s] [ 17%] [32mBuilding CXX object distance_field/CMakeFiles/moveit_distance_field.dir/src/propagation_distance_field.cpp.o[0m
[13.051s] [ 17%] [32mBuilding CXX object exceptions/CMakeFiles/moveit_exceptions.dir/src/exceptions.cpp.o[0m
[13.055s] [ 17%] [32mBuilding CXX object utils/test/CMakeFiles/logger_dut.dir/logger_dut.cpp.o[0m
[13.057s] [ 18%] [32mBuilding CXX object distance_field/CMakeFiles/moveit_distance_field.dir/src/distance_field.cpp.o[0m
[14.514s] [ 19%] [32m[1mLinking CXX shared library libmoveit_exceptions.so[0m
[14.764s] [ 19%] Built target moveit_exceptions
[14.814s] [ 20%] [32mBuilding CXX object robot_model/CMakeFiles/moveit_robot_model.dir/src/floating_joint_model.cpp.o[0m
[14.822s] [ 21%] [32mBuilding CXX object robot_model/CMakeFiles/moveit_robot_model.dir/src/aabb.cpp.o[0m
[14.838s] [ 21%] [32mBuilding CXX object robot_model/CMakeFiles/moveit_robot_model.dir/src/fixed_joint_model.cpp.o[0m
[14.842s] [ 21%] [32mBuilding CXX object robot_model/CMakeFiles/moveit_robot_model.dir/src/joint_model.cpp.o[0m
[14.849s] [ 22%] [32mBuilding CXX object robot_model/CMakeFiles/moveit_robot_model.dir/src/joint_model_group.cpp.o[0m
[17.227s] [ 23%] [32mBuilding CXX object robot_model/CMakeFiles/moveit_robot_model.dir/src/link_model.cpp.o[0m
[19.160s] [ 23%] [32mBuilding CXX object robot_model/CMakeFiles/moveit_robot_model.dir/src/planar_joint_model.cpp.o[0m
[20.091s] [ 24%] [32mBuilding CXX object robot_model/CMakeFiles/moveit_robot_model.dir/src/prismatic_joint_model.cpp.o[0m
[20.091s] [ 25%] [32m[1mLinking CXX executable logger_dut[0m
[20.432s] [ 25%] Built target logger_dut
[20.456s] [ 25%] [32mBuilding CXX object robot_model/CMakeFiles/moveit_robot_model.dir/src/revolute_joint_model.cpp.o[0m
[22.135s] [ 26%] [32mBuilding CXX object robot_model/CMakeFiles/moveit_robot_model.dir/src/robot_model.cpp.o[0m
[23.416s] [ 27%] [32m[1mLinking CXX static library libgtest.a[0m
[23.546s] [ 27%] Built target gtest
[24.087s] [ 27%] [32m[1mLinking CXX static library libgmock.a[0m
[24.198s] [ 27%] Built target gmock
[29.003s] [ 28%] [32m[1mLinking CXX shared library libmoveit_transforms.so[0m
[29.221s] [ 28%] Built target moveit_transforms
[29.253s] [ 29%] [32mBuilding CXX object transforms/CMakeFiles/test_transforms.dir/test/test_transforms.cpp.o[0m
[31.068s] [ 29%] [32m[1mLinking CXX shared library libmoveit_distance_field.so[0m
[31.327s] [ 29%] Built target moveit_distance_field
[31.370s] [ 30%] [32mBuilding CXX object distance_field/CMakeFiles/test_distance_field.dir/test/test_distance_field.cpp.o[0m
[31.371s] [ 30%] [32mBuilding CXX object distance_field/CMakeFiles/test_voxel_grid.dir/test/test_voxel_grid.cpp.o[0m
[33.743s] [ 30%] [32m[1mLinking CXX executable test_transforms[0m
[33.972s] [ 30%] Built target test_transforms
[37.260s] [ 30%] [32m[1mLinking CXX executable test_voxel_grid[0m
[37.359s] [ 30%] [32m[1mLinking CXX shared library libmoveit_robot_model.so[0m
[37.570s] [ 30%] Built target moveit_robot_model
[37.598s] [ 31%] [32mBuilding CXX object kinematics_base/CMakeFiles/moveit_kinematics_base.dir/src/kinematics_base.cpp.o[0m
[37.603s] [ 32%] [32mBuilding CXX object online_signal_smoothing/CMakeFiles/moveit_butterworth_filter.dir/src/butterworth_filter.cpp.o[0m
[37.662s] [ 32%] Built target test_voxel_grid
[42.661s] [ 32%] [32m[1mLinking CXX shared library libmoveit_kinematics_base.so[0m
[42.757s] [ 32%] Built target moveit_kinematics_base
[42.784s] [ 34%] [32mBuilding CXX object robot_state/CMakeFiles/moveit_robot_state.dir/src/conversions.cpp.o[0m
[42.784s] [ 34%] [32mBuilding CXX object robot_state/CMakeFiles/moveit_robot_state.dir/src/attached_body.cpp.o[0m
[42.784s] [ 34%] [32mBuilding CXX object robot_state/CMakeFiles/moveit_robot_state.dir/src/robot_state.cpp.o[0m
[42.784s] [ 34%] [32mBuilding CXX object utils/CMakeFiles/moveit_test_utils.dir/src/robot_model_test_utils.cpp.o[0m
[42.784s] [ 35%] [32mBuilding CXX object robot_state/CMakeFiles/moveit_robot_state.dir/src/cartesian_interpolator.cpp.o[0m
[42.888s] [ 36%] [32m[1mLinking CXX executable test_distance_field[0m
[43.246s] [ 36%] Built target test_distance_field
[45.539s] [ 36%] [32m[1mLinking CXX shared library libmoveit_butterworth_filter.so[0m
[45.788s] [ 36%] Built target moveit_butterworth_filter
[45.818s] [ 36%] [32mBuilding CXX object online_signal_smoothing/CMakeFiles/test_butterworth_filter.dir/test/test_butterworth_filter.cpp.o[0m
[55.542s] [ 37%] [32m[1mLinking CXX executable test_butterworth_filter[0m
[55.715s] [ 37%] Built target test_butterworth_filter
[60.897s] [ 38%] [32m[1mLinking CXX shared library libmoveit_test_utils.so[0m
[61.059s] [ 38%] Built target moveit_test_utils
[61.081s] [ 39%] [32mBuilding CXX object robot_model/CMakeFiles/test_robot_model.dir/test/test.cpp.o[0m
[66.617s] [ 39%] [32m[1mLinking CXX executable test_robot_model[0m
[66.878s] [ 39%] Built target test_robot_model
[68.510s] [ 39%] [32m[1mLinking CXX shared library libmoveit_robot_state.so[0m
[68.707s] [ 39%] Built target moveit_robot_state
[68.761s] [ 39%] [32mBuilding CXX object online_signal_smoothing/CMakeFiles/moveit_acceleration_filter.dir/src/acceleration_filter.cpp.o[0m
[68.765s] [ 39%] [32mBuilding CXX object robot_state/CMakeFiles/test_robot_state_complex.dir/test/test_kinematic_complex.cpp.o[0m
[68.768s] [ 40%] [32mBuilding CXX object robot_state/CMakeFiles/test_cartesian_interpolator.dir/test/test_cartesian_interpolator.cpp.o[0m
[68.770s] [ 40%] [32mBuilding CXX object kinematics_metrics/CMakeFiles/moveit_kinematics_metrics.dir/src/kinematics_metrics.cpp.o[0m
[68.770s] [ 41%] [32mBuilding CXX object robot_state/CMakeFiles/test_robot_state.dir/test/robot_state_test.cpp.o[0m
[68.770s] [ 43%] [32mBuilding CXX object online_signal_smoothing/CMakeFiles/moveit_ruckig_filter.dir/src/ruckig_filter.cpp.o[0m
[68.772s] [ 44%] [32mBuilding CXX object dynamics_solver/CMakeFiles/moveit_dynamics_solver.dir/src/dynamics_solver.cpp.o[0m
[68.772s] [ 44%] [32mBuilding CXX object robot_trajectory/CMakeFiles/moveit_robot_trajectory.dir/src/robot_trajectory.cpp.o[0m
[68.779s] [ 45%] [32mBuilding CXX object collision_detection/CMakeFiles/moveit_collision_detection.dir/src/allvalid/collision_env_allvalid.cpp.o[0m
[68.785s] [ 46%] [32mBuilding CXX object robot_state/CMakeFiles/test_aabb.dir/test/test_aabb.cpp.o[0m
[68.790s] [ 46%] [32mBuilding CXX object collision_detection/CMakeFiles/moveit_collision_detection.dir/src/collision_common.cpp.o[0m
[82.821s] [ 47%] [32m[1mLinking CXX executable test_cartesian_interpolator[0m
[83.186s] [ 48%] [32mBuilding CXX object collision_detection/CMakeFiles/moveit_collision_detection.dir/src/collision_matrix.cpp.o[0m
[83.475s] [ 48%] Built target test_cartesian_interpolator
[84.146s] [ 48%] [32m[1mLinking CXX shared library libmoveit_dynamics_solver.so[0m
[84.510s] [ 48%] Built target moveit_dynamics_solver
[88.099s] [ 49%] [32m[1mLinking CXX executable test_robot_state_complex[0m
[88.194s] [ 49%] [32m[1mLinking CXX executable test_aabb[0m
[88.707s] [ 49%] Built target test_robot_state_complex
[88.728s] [ 49%] Built target test_aabb
[89.599s] [ 49%] [32m[1mLinking CXX shared library libmoveit_robot_trajectory.so[0m
[89.872s] [ 49%] Built target moveit_robot_trajectory
[90.219s] [ 49%] [32m[1mLinking CXX shared library libmoveit_ruckig_filter.so[0m
[90.541s] [ 49%] Built target moveit_ruckig_filter
[90.672s] [ 50%] [32m[1mLinking CXX shared library libmoveit_acceleration_filter.so[0m
[90.960s] [ 50%] Built target moveit_acceleration_filter
[93.518s] [ 50%] [32mBuilding CXX object collision_detection/CMakeFiles/moveit_collision_detection.dir/src/collision_plugin_cache.cpp.o[0m
[94.463s] [ 51%] [32m[1mLinking CXX executable test_robot_state[0m
[94.775s] [ 51%] Built target test_robot_state
[99.934s] [ 51%] [32m[1mLinking CXX shared library libmoveit_kinematics_metrics.so[0m
[100.087s] [ 51%] Built target moveit_kinematics_metrics
[100.111s] [ 52%] [32mBuilding CXX object online_signal_smoothing/CMakeFiles/test_acceleration_filter.dir/test/test_acceleration_filter.cpp.o[0m
[105.813s] [ 53%] [32mBuilding CXX object collision_detection/CMakeFiles/moveit_collision_detection.dir/src/world.cpp.o[0m
[105.814s] [ 53%] [32mBuilding CXX object collision_detection/CMakeFiles/moveit_collision_detection.dir/src/collision_tools.cpp.o[0m
[105.815s] [ 54%] [32mBuilding CXX object collision_detection/CMakeFiles/moveit_collision_detection.dir/src/collision_env.cpp.o[0m
[105.815s] [ 54%] [32mBuilding CXX object collision_detection/CMakeFiles/moveit_collision_detection.dir/src/world_diff.cpp.o[0m
[105.816s] [ 55%] [32mBuilding CXX object collision_detection/CMakeFiles/moveit_collision_detection.dir/src/collision_octomap_filter.cpp.o[0m
[112.075s] [ 55%] [32m[1mLinking CXX executable test_acceleration_filter[0m
[112.496s] [ 55%] Built target test_acceleration_filter
[115.497s] [ 56%] [32m[1mLinking CXX shared library libmoveit_collision_detection.so[0m
[115.698s] [ 56%] Built target moveit_collision_detection
[115.739s] [ 56%] [32mBuilding CXX object robot_trajectory/CMakeFiles/test_robot_trajectory.dir/test/test_robot_trajectory.cpp.o[0m
[123.151s] [ 57%] [32m[1mLinking CXX executable test_robot_trajectory[0m
[123.403s] [ 57%] Built target test_robot_trajectory
[123.431s] [ 58%] [32mBuilding CXX object collision_detection/CMakeFiles/test_world.dir/test/test_world.cpp.o[0m
[123.431s] [ 60%] [32mBuilding CXX object collision_detection/CMakeFiles/test_world_diff.dir/test/test_world_diff.cpp.o[0m
[123.431s] [ 60%] [32mBuilding CXX object collision_detection/CMakeFiles/test_all_valid.dir/test/test_all_valid.cpp.o[0m
[129.514s] [ 60%] [32m[1mLinking CXX executable test_world_diff[0m
[129.788s] [ 60%] Built target test_world_diff
[129.818s] [ 61%] [32mBuilding CXX object collision_detection_fcl/CMakeFiles/moveit_collision_detection_fcl.dir/src/collision_common.cpp.o[0m
[129.822s] [ 61%] [32mBuilding CXX object trajectory_processing/CMakeFiles/moveit_trajectory_processing.dir/src/time_optimal_trajectory_generation.cpp.o[0m
[129.823s] [ 61%] [32mBuilding CXX object robot_state/CMakeFiles/robot_state_benchmark.dir/test/robot_state_benchmark.cpp.o[0m
[129.826s] [ 62%] [32mBuilding CXX object trajectory_processing/CMakeFiles/moveit_trajectory_processing.dir/src/ruckig_traj_smoothing.cpp.o[0m
[129.829s] [ 62%] [32mBuilding CXX object trajectory_processing/CMakeFiles/moveit_trajectory_processing.dir/src/trajectory_tools.cpp.o[0m
[129.829s] [ 62%] [32mBuilding CXX object collision_detection_fcl/CMakeFiles/moveit_collision_detection_fcl.dir/src/collision_env_fcl.cpp.o[0m
[129.830s] [ 63%] [32mBuilding CXX object collision_detection_bullet/CMakeFiles/moveit_collision_detection_bullet.dir/src/bullet_integration/bullet_cast_bvh_manager.cpp.o[0m
[129.831s] [ 64%] [32mBuilding CXX object collision_detection_bullet/CMakeFiles/moveit_collision_detection_bullet.dir/src/bullet_integration/bullet_discrete_bvh_manager.cpp.o[0m
[129.835s] [ 64%] [32mBuilding CXX object collision_detection_bullet/CMakeFiles/moveit_collision_detection_bullet.dir/src/collision_env_bullet.cpp.o[0m
[129.839s] [ 64%] [32mBuilding CXX object collision_detection_bullet/CMakeFiles/moveit_collision_detection_bullet.dir/src/bullet_integration/bullet_utils.cpp.o[0m
[129.979s] [ 64%] [32m[1mLinking CXX executable test_world[0m
[130.724s] [ 64%] Built target test_world
[130.742s] [ 65%] [32mBuilding CXX object collision_detection_bullet/CMakeFiles/moveit_collision_detection_bullet.dir/src/bullet_integration/bullet_bvh_manager.cpp.o[0m
[131.950s] [ 65%] [32m[1mLinking CXX executable test_all_valid[0m
[132.463s] [ 65%] Built target test_all_valid
[132.479s] [ 65%] [32mBuilding CXX object collision_detection_bullet/CMakeFiles/moveit_collision_detection_bullet.dir/src/bullet_integration/contact_checker_common.cpp.o[0m
[148.495s] [ 66%] [32m[1mLinking CXX executable robot_state_benchmark[0m
[149.305s] [ 66%] Built target robot_state_benchmark
[151.183s] [ 67%] [32mBuilding CXX object collision_detection_bullet/CMakeFiles/moveit_collision_detection_bullet.dir/src/bullet_integration/ros_bullet_utils.cpp.o[0m
[151.638s] [ 68%] [32m[1mLinking CXX shared library libmoveit_collision_detection_fcl.so[0m
[151.909s] [ 68%] Built target moveit_collision_detection_fcl
[152.531s] [ 69%] [32m[1mLinking CXX shared library libmoveit_trajectory_processing.so[0m
[152.705s] [ 69%] Built target moveit_trajectory_processing
[155.745s] [ 69%] [32m[1mLinking CXX shared library libmoveit_collision_detection_bullet.so[0m
[155.916s] [ 69%] Built target moveit_collision_detection_bullet
[155.945s] [ 70%] [32mBuilding CXX object trajectory_processing/CMakeFiles/robot_trajectory_benchmark.dir/test/robot_trajectory_benchmark.cpp.o[0m
[161.117s] [ 70%] [32m[1mLinking CXX executable robot_trajectory_benchmark[0m
[161.351s] [ 70%] Built target robot_trajectory_benchmark
[161.397s] [ 70%] [32mBuilding CXX object collision_detection_bullet/CMakeFiles/test_bullet_continuous_collision_checking.dir/test/test_bullet_continuous_collision_checking.cpp.o[0m
[169.267s] [ 71%] [32m[1mLinking CXX executable test_bullet_continuous_collision_checking[0m
[169.550s] [ 71%] Built target test_bullet_continuous_collision_checking
[169.569s] [ 72%] [32mBuilding CXX object trajectory_processing/CMakeFiles/test_ruckig_traj_smoothing.dir/test/test_ruckig_traj_smoothing.cpp.o[0m
[169.569s] [ 72%] [32mBuilding CXX object collision_detection_bullet/CMakeFiles/test_bullet_collision_detection.dir/test/test_bullet_collision_detection_pr2.cpp.o[0m
[169.571s] [ 72%] [32mBuilding CXX object collision_detection_bullet/CMakeFiles/test_bullet_collision_detection_panda.dir/test/test_bullet_collision_detection_panda.cpp.o[0m
[169.572s] [ 72%] [32mBuilding CXX object trajectory_processing/CMakeFiles/test_time_optimal_trajectory_generation.dir/test/test_time_optimal_trajectory_generation.cpp.o[0m
[180.147s] [ 73%] [32m[1mLinking CXX executable test_ruckig_traj_smoothing[0m
[180.474s] [ 74%] [32m[1mLinking CXX executable test_bullet_collision_detection_panda[0m
[180.504s] [ 74%] Built target test_ruckig_traj_smoothing
[180.801s] [ 74%] Built target test_bullet_collision_detection_panda
[182.424s] [ 75%] [32m[1mLinking CXX executable test_time_optimal_trajectory_generation[0m
[182.702s] [ 75%] Built target test_time_optimal_trajectory_generation
[183.494s] [ 76%] [32m[1mLinking CXX executable test_bullet_collision_detection[0m
[183.801s] [ 76%] Built target test_bullet_collision_detection
[183.825s] [ 76%] [32mBuilding CXX object collision_detection_fcl/CMakeFiles/test_fcl_collision_detection_panda.dir/test/test_fcl_collision_detection_panda.cpp.o[0m
[191.216s] [ 77%] [32m[1mLinking CXX executable test_fcl_collision_detection_panda[0m
[191.474s] [ 77%] Built target test_fcl_collision_detection_panda
[191.508s] [ 77%] [32mBuilding CXX object collision_detection_fcl/CMakeFiles/test_fcl_collision_env.dir/test/test_fcl_env.cpp.o[0m
[191.512s] [ 78%] [32mBuilding CXX object kinematic_constraints/CMakeFiles/moveit_kinematic_constraints.dir/src/utils.cpp.o[0m
[191.513s] [ 78%] [32mBuilding CXX object collision_detection_fcl/CMakeFiles/test_fcl_collision_detection.dir/test/test_fcl_collision_detection_pr2.cpp.o[0m
[191.514s] [ 78%] [32mBuilding CXX object kinematic_constraints/CMakeFiles/moveit_kinematic_constraints.dir/src/kinematic_constraint.cpp.o[0m
[202.831s] [ 79%] [32m[1mLinking CXX executable test_fcl_collision_env[0m
[203.195s] [ 79%] Built target test_fcl_collision_env
[204.641s] [ 80%] [32m[1mLinking CXX executable test_fcl_collision_detection[0m
[205.095s] [ 80%] Built target test_fcl_collision_detection
[208.340s] [ 80%] [32m[1mLinking CXX shared library libmoveit_kinematic_constraints.so[0m
[208.517s] [ 80%] Built target moveit_kinematic_constraints
[208.544s] [ 81%] [32mBuilding CXX object kinematic_constraints/CMakeFiles/test_constraints.dir/test/test_constraints.cpp.o[0m
[208.546s] [ 82%] [32mBuilding CXX object planning_scene/CMakeFiles/moveit_planning_scene.dir/src/planning_scene.cpp.o[0m
[219.336s] [ 83%] [32m[1mLinking CXX executable test_constraints[0m
[219.602s] [ 83%] Built target test_constraints
[219.628s] [ 84%] [32mBuilding CXX object kinematic_constraints/CMakeFiles/test_orientation_constraints.dir/test/test_orientation_constraints.cpp.o[0m
[226.753s] [ 84%] [32m[1mLinking CXX shared library libmoveit_planning_scene.so[0m
[226.944s] [ 84%] Built target moveit_planning_scene
[226.971s] [ 84%] [32mBuilding CXX object collision_distance_field/CMakeFiles/moveit_collision_distance_field.dir/src/collision_common_distance_field.cpp.o[0m
[226.972s] [ 84%] [32mBuilding CXX object collision_detection_fcl/CMakeFiles/collision_detector_fcl_plugin.dir/src/collision_detector_fcl_plugin_loader.cpp.o[0m
[226.973s] [ 85%] [32mBuilding CXX object planning_scene/CMakeFiles/test_planning_scene.dir/test/test_planning_scene.cpp.o[0m
[226.976s] [ 86%] [32mBuilding CXX object collision_distance_field/CMakeFiles/moveit_collision_distance_field.dir/src/collision_env_distance_field.cpp.o[0m
[226.979s] [ 87%] [32mBuilding CXX object collision_detection_bullet/CMakeFiles/collision_detector_bullet_plugin.dir/src/collision_detector_bullet_plugin_loader.cpp.o[0m
[226.980s] [ 88%] [32mBuilding CXX object planning_scene/CMakeFiles/test_collision_objects.dir/test/test_collision_objects.cpp.o[0m
[226.980s] [ 88%] [32mBuilding CXX object collision_distance_field/CMakeFiles/moveit_collision_distance_field.dir/src/collision_env_hybrid.cpp.o[0m
[226.981s] [ 87%] [32mBuilding CXX object collision_distance_field/CMakeFiles/moveit_collision_distance_field.dir/src/collision_distance_field_types.cpp.o[0m
[226.983s] [ 88%] [32mBuilding CXX object constraint_samplers/CMakeFiles/moveit_constraint_samplers.dir/src/constraint_sampler.cpp.o[0m
[226.984s] [ 89%] [32mBuilding CXX object planning_scene/CMakeFiles/test_multi_threaded.dir/test/test_multi_threaded.cpp.o[0m
[226.984s] [ 90%] [32mBuilding CXX object planning_interface/CMakeFiles/moveit_planning_interface.dir/src/planning_interface.cpp.o[0m
[233.437s] [ 90%] [32m[1mLinking CXX executable test_orientation_constraints[0m
[234.134s] [ 90%] Built target test_orientation_constraints
[234.154s] [ 91%] [32mBuilding CXX object planning_interface/CMakeFiles/moveit_planning_interface.dir/src/planning_response.cpp.o[0m
[239.944s] In file included from [01m[K/home/manoj/ros2_ws/src/moveit2/moveit_core/planning_interface/include/moveit/planning_interface/planning_response.hpp:40[m[K,
[239.945s]                  from [01m[K/home/manoj/ros2_ws/src/moveit2/moveit_core/planning_interface/include/moveit/planning_interface/planning_interface.hpp:41[m[K,
[239.945s]                  from [01m[K/home/manoj/ros2_ws/src/moveit2/moveit_core/planning_interface/src/planning_interface.cpp:37[m[K:
[239.945s] [01m[K/home/manoj/ros2_ws/src/moveit2/moveit_core/utils/include/moveit/utils/moveit_error_code.hpp:50:72:[m[K [01;31m[Kerror: [m[Kâ€˜[01m[KUNDEFINED[m[Kâ€™ is not a member of â€˜[01m[Kmoveit_msgs::msg::MoveItErrorCodes[m[Kâ€™ {aka â€˜[01m[Kmoveit_msgs::msg::MoveItErrorCodes_<std::allocator<void> >[m[Kâ€™}
[239.945s]    50 |   MoveItErrorCode(const int code = moveit_msgs::msg::MoveItErrorCodes::[01;31m[KUNDEFINED[m[K, const std::string& error_message = "",
[239.946s]       |                                                                        [01;31m[K^~~~~~~~~[m[K
[239.959s] [01m[K/home/manoj/ros2_ws/src/moveit2/moveit_core/utils/include/moveit/utils/moveit_error_code.hpp:[m[K In constructor â€˜[01m[Kmoveit::core::MoveItErrorCode::MoveItErrorCode(int, const string&, const string&)[m[Kâ€™:
[239.959s] [01m[K/home/manoj/ros2_ws/src/moveit2/moveit_core/utils/include/moveit/utils/moveit_error_code.hpp:54:5:[m[K [01;31m[Kerror: [m[Kâ€˜[01m[Kmessage[m[Kâ€™ was not declared in this scope
[239.959s]    54 |     [01;31m[Kmessage[m[K = error_message;
[239.960s]       |     [01;31m[K^~~~~~~[m[K
[239.974s] [01m[K/home/manoj/ros2_ws/src/moveit2/moveit_core/utils/include/moveit/utils/moveit_error_code.hpp:55:5:[m[K [01;31m[Kerror: [m[Kâ€˜[01m[Ksource[m[Kâ€™ was not declared in this scope
[239.974s]    55 |     [01;31m[Ksource[m[K = error_source;
[239.975s]       |     [01;31m[K^~~~~~[m[K
[240.000s] [01m[K/home/manoj/ros2_ws/src/moveit2/moveit_core/utils/include/moveit/utils/moveit_error_code.hpp:[m[K In constructor â€˜[01m[Kmoveit::core::MoveItErrorCode::MoveItErrorCode(const MoveItErrorCodes&)[m[Kâ€™:
[240.001s] [01m[K/home/manoj/ros2_ws/src/moveit2/moveit_core/utils/include/moveit/utils/moveit_error_code.hpp:60:5:[m[K [01;31m[Kerror: [m[Kâ€˜[01m[Kmessage[m[Kâ€™ was not declared in this scope
[240.001s]    60 |     [01;31m[Kmessage[m[K = code.message;
[240.002s]       |     [01;31m[K^~~~~~~[m[K
[240.002s] [01m[K/home/manoj/ros2_ws/src/moveit2/moveit_core/utils/include/moveit/utils/moveit_error_code.hpp:60:20:[m[K [01;31m[Kerror: [m[Kâ€˜[01m[Kconst MoveItErrorCodes[m[Kâ€™ {aka â€˜[01m[Kconst struct moveit_msgs::msg::MoveItErrorCodes_<std::allocator<void> >[m[Kâ€™} has no member named â€˜[01m[Kmessage[m[Kâ€™
[240.002s]    60 |     message = code.[01;31m[Kmessage[m[K;
[240.002s]       |                    [01;31m[K^~~~~~~[m[K
[240.045s] [01m[K/home/manoj/ros2_ws/src/moveit2/moveit_core/utils/include/moveit/utils/moveit_error_code.hpp:61:5:[m[K [01;31m[Kerror: [m[Kâ€˜[01m[Ksource[m[Kâ€™ was not declared in this scope
[240.045s]    61 |     [01;31m[Ksource[m[K = code.source;
[240.046s]       |     [01;31m[K^~~~~~[m[K
[240.046s] [01m[K/home/manoj/ros2_ws/src/moveit2/moveit_core/utils/include/moveit/utils/moveit_error_code.hpp:61:19:[m[K [01;31m[Kerror: [m[Kâ€˜[01m[Kconst MoveItErrorCodes[m[Kâ€™ {aka â€˜[01m[Kconst struct moveit_msgs::msg::MoveItErrorCodes_<std::allocator<void> >[m[Kâ€™} has no member named â€˜[01m[Ksource[m[Kâ€™
[240.046s]    61 |     source = code.[01;31m[Ksource[m[K;
[240.046s]       |                   [01;31m[K^~~~~~[m[K
[240.046s] [01m[K/home/manoj/ros2_ws/src/moveit2/moveit_core/utils/include/moveit/utils/moveit_error_code.hpp:[m[K In function â€˜[01m[Kstd::string moveit::core::errorCodeToString(const moveit::core::MoveItErrorCode&)[m[Kâ€™:
[240.047s] [01m[K/home/manoj/ros2_ws/src/moveit2/moveit_core/utils/include/moveit/utils/moveit_error_code.hpp:88:41:[m[K [01;31m[Kerror: [m[Kâ€˜[01m[KUNDEFINED[m[Kâ€™ is not a member of â€˜[01m[Kmoveit::core::MoveItErrorCode[m[Kâ€™
[240.047s]    88 |     case moveit::core::MoveItErrorCode::[01;31m[KUNDEFINED[m[K:
[240.050s]       |                                         [01;31m[K^~~~~~~~~[m[K
[246.252s] [ 92%] [32m[1mLinking CXX shared library libcollision_detector_fcl_plugin.so[0m
[246.629s] In file included from [01m[K/home/manoj/ros2_ws/src/moveit2/moveit_core/planning_interface/include/moveit/planning_interface/planning_response.hpp:40[m[K,
[246.630s]                  from [01m[K/home/manoj/ros2_ws/src/moveit2/moveit_core/planning_interface/src/planning_response.cpp:37[m[K:
[246.636s] [01m[K/home/manoj/ros2_ws/src/moveit2/moveit_core/utils/include/moveit/utils/moveit_error_code.hpp:50:72:[m[K [01;31m[Kerror: [m[Kâ€˜[01m[KUNDEFINED[m[Kâ€™ is not a member of â€˜[01m[Kmoveit_msgs::msg::MoveItErrorCodes[m[Kâ€™ {aka â€˜[01m[Kmoveit_msgs::msg::MoveItErrorCodes_<std::allocator<void> >[m[Kâ€™}
[246.636s]    50 |   MoveItErrorCode(const int code = moveit_msgs::msg::MoveItErrorCodes::[01;31m[KUNDEFINED[m[K, const std::string& error_message = "",
[246.636s] [ 92%] Built target collision_detector_fcl_plugin
[246.637s]       |                                                                        [01;31m[K^~~~~~~~~[m[K
[246.653s] [01m[K/home/manoj/ros2_ws/src/moveit2/moveit_core/utils/include/moveit/utils/moveit_error_code.hpp:[m[K In constructor â€˜[01m[Kmoveit::core::MoveItErrorCode::MoveItErrorCode(int, const string&, const string&)[m[Kâ€™:
[246.653s] [01m[K/home/manoj/ros2_ws/src/moveit2/moveit_core/utils/include/moveit/utils/moveit_error_code.hpp:54:5:[m[K [01;31m[Kerror: [m[Kâ€˜[01m[Kmessage[m[Kâ€™ was not declared in this scope
[246.653s]    54 |     [01;31m[Kmessage[m[K = error_message;
[246.653s]       |     [01;31m[K^~~~~~~[m[K
[246.668s] [01m[K/home/manoj/ros2_ws/src/moveit2/moveit_core/utils/include/moveit/utils/moveit_error_code.hpp:55:5:[m[K [01;31m[Kerror: [m[Kâ€˜[01m[Ksource[m[Kâ€™ was not declared in this scope
[246.669s]    55 |     [01;31m[Ksource[m[K = error_source;
[246.670s]       |     [01;31m[K^~~~~~[m[K
[246.695s] [01m[K/home/manoj/ros2_ws/src/moveit2/moveit_core/utils/include/moveit/utils/moveit_error_code.hpp:[m[K In constructor â€˜[01m[Kmoveit::core::MoveItErrorCode::MoveItErrorCode(const MoveItErrorCodes&)[m[Kâ€™:
[246.696s] [01m[K/home/manoj/ros2_ws/src/moveit2/moveit_core/utils/include/moveit/utils/moveit_error_code.hpp:60:5:[m[K [01;31m[Kerror: [m[Kâ€˜[01m[Kmessage[m[Kâ€™ was not declared in this scope
[246.696s]    60 |     [01;31m[Kmessage[m[K = code.message;
[246.696s]       |     [01;31m[K^~~~~~~[m[K
[246.696s] [01m[K/home/manoj/ros2_ws/src/moveit2/moveit_core/utils/include/moveit/utils/moveit_error_code.hpp:60:20:[m[K [01;31m[Kerror: [m[Kâ€˜[01m[Kconst MoveItErrorCodes[m[Kâ€™ {aka â€˜[01m[Kconst struct moveit_msgs::msg::MoveItErrorCodes_<std::allocator<void> >[m[Kâ€™} has no member named â€˜[01m[Kmessage[m[Kâ€™
[246.697s]    60 |     message = code.[01;31m[Kmessage[m[K;
[246.697s]       |                    [01;31m[K^~~~~~~[m[K
[246.712s] [01m[K/home/manoj/ros2_ws/src/moveit2/moveit_core/utils/include/moveit/utils/moveit_error_code.hpp:61:5:[m[K [01;31m[Kerror: [m[Kâ€˜[01m[Ksource[m[Kâ€™ was not declared in this scope
[246.712s]    61 |     [01;31m[Ksource[m[K = code.source;
[246.712s]       |     [01;31m[K^~~~~~[m[K
[246.712s] [01m[K/home/manoj/ros2_ws/src/moveit2/moveit_core/utils/include/moveit/utils/moveit_error_code.hpp:61:19:[m[K [01;31m[Kerror: [m[Kâ€˜[01m[Kconst MoveItErrorCodes[m[Kâ€™ {aka â€˜[01m[Kconst struct moveit_msgs::msg::MoveItErrorCodes_<std::allocator<void> >[m[Kâ€™} has no member named â€˜[01m[Ksource[m[Kâ€™
[246.712s]    61 |     source = code.[01;31m[Ksource[m[K;
[246.713s]       |                   [01;31m[K^~~~~~[m[K
[246.713s] [01m[K/home/manoj/ros2_ws/src/moveit2/moveit_core/utils/include/moveit/utils/moveit_error_code.hpp:[m[K In function â€˜[01m[Kstd::string moveit::core::errorCodeToString(const moveit::core::MoveItErrorCode&)[m[Kâ€™:
[246.713s] [01m[K/home/manoj/ros2_ws/src/moveit2/moveit_core/utils/include/moveit/utils/moveit_error_code.hpp:88:41:[m[K [01;31m[Kerror: [m[Kâ€˜[01m[KUNDEFINED[m[Kâ€™ is not a member of â€˜[01m[Kmoveit::core::MoveItErrorCode[m[Kâ€™
[246.713s]    88 |     case moveit::core::MoveItErrorCode::[01;31m[KUNDEFINED[m[K:
[246.713s]       |                                         [01;31m[K^~~~~~~~~[m[K
[247.776s] gmake[2]: *** [planning_interface/CMakeFiles/moveit_planning_interface.dir/build.make:76: planning_interface/CMakeFiles/moveit_planning_interface.dir/src/planning_interface.cpp.o] Error 1
[247.776s] gmake[2]: *** Waiting for unfinished jobs....
[248.091s] [ 93%] [32mBuilding CXX object constraint_samplers/CMakeFiles/moveit_constraint_samplers.dir/src/default_constraint_samplers.cpp.o[0m
[249.235s] [ 94%] [32m[1mLinking CXX shared library libcollision_detector_bullet_plugin.so[0m
[249.657s] [ 94%] Built target collision_detector_bullet_plugin
[250.948s] gmake[2]: *** [planning_interface/CMakeFiles/moveit_planning_interface.dir/build.make:90: planning_interface/CMakeFiles/moveit_planning_interface.dir/src/planning_response.cpp.o] Error 1
[250.949s] gmake[1]: *** [CMakeFiles/Makefile2:2020: planning_interface/CMakeFiles/moveit_planning_interface.dir/all] Error 2
[250.949s] gmake[1]: *** Waiting for unfinished jobs....
[251.342s] [ 94%] [32m[1mLinking CXX executable test_multi_threaded[0m
[251.828s] [ 94%] Built target test_multi_threaded
[254.147s] [ 94%] [32m[1mLinking CXX executable test_collision_objects[0m
[254.538s] [ 94%] Built target test_collision_objects
[258.515s] [ 95%] [32m[1mLinking CXX shared library libmoveit_collision_distance_field.so[0m
[258.747s] [ 95%] Built target moveit_collision_distance_field
[261.575s] [ 96%] [32mBuilding CXX object constraint_samplers/CMakeFiles/moveit_constraint_samplers.dir/src/union_constraint_sampler.cpp.o[0m
[262.080s] [ 96%] [32m[1mLinking CXX executable test_planning_scene[0m
[262.400s] [ 96%] Built target test_planning_scene
[267.416s] [ 96%] [32mBuilding CXX object constraint_samplers/CMakeFiles/moveit_constraint_samplers.dir/src/constraint_sampler_tools.cpp.o[0m
[273.148s] [ 97%] [32mBuilding CXX object constraint_samplers/CMakeFiles/moveit_constraint_samplers.dir/src/constraint_sampler_manager.cpp.o[0m
[279.915s] [ 97%] [32m[1mLinking CXX shared library libmoveit_constraint_samplers.so[0m
[280.089s] [ 97%] Built target moveit_constraint_samplers
[280.092s] gmake: *** [Makefile:146: all] Error 2
[280.101s] Invoked command in '/home/manoj/ros2_ws/build/moveit_core' returned '2': AMENT_PREFIX_PATH=/home/manoj/ros2_ws/install/moveit_resources_panda_moveit_config:/home/manoj/ros2_ws/install/moveit_resources_pr2_description:/home/manoj/ros2_ws/install/moveit_resources_panda_description:/home/manoj/ros2_ws/install/moveit_common:${AMENT_PREFIX_PATH} CMAKE_PREFIX_PATH=/home/manoj/ros2_ws/install/moveit_resources_panda_moveit_config:/home/manoj/ros2_ws/install/moveit_resources_pr2_description:/home/manoj/ros2_ws/install/moveit_resources_panda_description:/home/manoj/ros2_ws/install/moveit_common:/home/manoj/ros2_ws/install/ur_description:/home/manoj/ros2_ws/install/my_mobile_manipulator_description:/opt/ros/humble /usr/bin/cmake --build /home/manoj/ros2_ws/build/moveit_core -- -j12 -l12
